<?xml version="1.0" encoding="UTF-8"?>
<testsuite name="com.ankit.grpclast.GrpclastApplicationTests" tests="1" skipped="0" failures="0" errors="0" timestamp="2023-05-08T06:58:46" hostname="innobit-Latitude-E5470" time="0.426">
  <properties/>
  <testcase name="contextLoads()" classname="com.ankit.grpclast.GrpclastApplicationTests" time="0.426"/>
  <system-out><![CDATA[12:28:44.264 [Test worker] DEBUG org.springframework.boot.test.context.SpringBootTestContextBootstrapper -- Neither @ContextConfiguration nor @ContextHierarchy found for test class [GrpclastApplicationTests]: using SpringBootContextLoader
12:28:44.270 [Test worker] DEBUG org.springframework.test.context.support.AbstractContextLoader -- Could not detect default resource locations for test class [com.ankit.grpclast.GrpclastApplicationTests]: no resource found for suffixes {-context.xml, Context.groovy}.
12:28:44.273 [Test worker] INFO org.springframework.test.context.support.AnnotationConfigContextLoaderUtils -- Could not detect default configuration classes for test class [com.ankit.grpclast.GrpclastApplicationTests]: GrpclastApplicationTests does not declare any static, non-private, non-final, nested classes annotated with @Configuration.
12:28:44.296 [Test worker] DEBUG org.springframework.boot.test.context.SpringBootTestContextBootstrapper -- Using ContextCustomizers for test class [GrpclastApplicationTests]: [DisableObservabilityContextCustomizer, PropertyMappingContextCustomizer, Customizer, ExcludeFilterContextCustomizer, DuplicateJsonObjectContextCustomizer, MockitoContextCustomizer, TestRestTemplateContextCustomizer]
12:28:44.390 [Test worker] DEBUG org.springframework.context.annotation.ClassPathScanningCandidateComponentProvider -- Identified candidate component class: file [/home/innobit/Mine/grpclast/build/classes/java/main/com/ankit/grpclast/GrpclastApplication.class]
12:28:44.392 [Test worker] INFO org.springframework.boot.test.context.SpringBootTestContextBootstrapper -- Found @SpringBootConfiguration com.ankit.grpclast.GrpclastApplication for test class com.ankit.grpclast.GrpclastApplicationTests
12:28:44.480 [Test worker] DEBUG org.springframework.test.context.util.TestContextSpringFactoriesUtils -- Skipping candidate TestExecutionListener [org.springframework.test.context.transaction.TransactionalTestExecutionListener] due to a missing dependency. Specify custom TestExecutionListener classes or make the default TestExecutionListener classes and their required dependencies available. Offending class: [org/springframework/transaction/interceptor/TransactionAttributeSource]
12:28:44.481 [Test worker] DEBUG org.springframework.test.context.util.TestContextSpringFactoriesUtils -- Skipping candidate TestExecutionListener [org.springframework.test.context.jdbc.SqlScriptsTestExecutionListener] due to a missing dependency. Specify custom TestExecutionListener classes or make the default TestExecutionListener classes and their required dependencies available. Offending class: [org/springframework/transaction/interceptor/TransactionAttribute]
12:28:44.484 [Test worker] DEBUG org.springframework.boot.test.context.SpringBootTestContextBootstrapper -- Using TestExecutionListeners for test class [GrpclastApplicationTests]: [ServletTestExecutionListener, DirtiesContextBeforeModesTestExecutionListener, ApplicationEventsTestExecutionListener, MockitoTestExecutionListener, DependencyInjectionTestExecutionListener, DirtiesContextTestExecutionListener, EventPublishingTestExecutionListener, RestDocsTestExecutionListener, MockRestServiceServerResetTestExecutionListener, MockMvcPrintOnlyOnFailureTestExecutionListener, WebDriverTestExecutionListener, MockWebServiceServerTestExecutionListener, ResetMocksTestExecutionListener]
12:28:44.485 [Test worker] DEBUG org.springframework.test.context.support.AbstractDirtiesContextTestExecutionListener -- Before test class: class [GrpclastApplicationTests], class annotated with @DirtiesContext [false] with mode [null]

  .   ____          _            __ _ _
 /\\ / ___'_ __ _ _(_)_ __  __ _ \ \ \ \
( ( )\___ | '_ | '_| | '_ \/ _` | \ \ \ \
 \\/  ___)| |_)| | | | | || (_| |  ) ) ) )
  '  |____| .__|_| |_|_| |_\__, | / / / /
 =========|_|==============|___/=/_/_/_/
 :: Spring Boot ::                (v3.0.6)

2023-05-08T12:28:44.889+05:30  INFO 23869 --- [    Test worker] c.a.grpclast.GrpclastApplicationTests    : Starting GrpclastApplicationTests using Java 19.0.2 with PID 23869 (started by innobit in /home/innobit/Mine/grpclast)
2023-05-08T12:28:44.899+05:30  INFO 23869 --- [    Test worker] c.a.grpclast.GrpclastApplicationTests    : No active profile set, falling back to 1 default profile: "default"
2023-05-08T12:28:46.685+05:30  INFO 23869 --- [    Test worker] o.l.springboot.grpc.GRpcServerRunner     : Starting gRPC Server ...
2023-05-08T12:28:46.689+05:30  INFO 23869 --- [    Test worker] o.l.springboot.grpc.GRpcServerRunner     : 'org.lognet.springboot.grpc.health.DefaultHealthStatusService$$SpringCGLIB$$0' service has been registered.
2023-05-08T12:28:46.690+05:30  INFO 23869 --- [    Test worker] o.l.springboot.grpc.GRpcServerRunner     : 'com.ankit.grpclast.GreetingService' service has been registered.
2023-05-08T12:28:46.789+05:30  INFO 23869 --- [    Test worker] o.l.springboot.grpc.GRpcServerRunner     : gRPC Server started, listening on port 6565.
2023-05-08T12:28:46.798+05:30  INFO 23869 --- [    Test worker] c.a.grpclast.GrpclastApplicationTests    : Started GrpclastApplicationTests in 2.27 seconds (process running for 3.66)
]]></system-out>
  <system-err><![CDATA[]]></system-err>
</testsuite>
